# JRE version: OpenJDK Runtime Environment (8.0_152) (build 1.8.0_152-release-1343-b16-5323222)
# Java VM: OpenJDK 64-Bit Server VM (25.152-b16-5323222 mixed mode linux-amd64 compressed oops)
Heap:
 PSYoungGen      total 133120K, used 0K [0x00000000f5580000, 0x0000000100000000, 0x0000000100000000)
  eden space 91648K, 0% used [0x00000000f5580000,0x00000000f5580000,0x00000000faf00000)
  from space 41472K, 0% used [0x00000000faf00000,0x00000000faf00000,0x00000000fd780000)
  to   space 41472K, 0% used [0x00000000fd780000,0x00000000fd780000,0x0000000100000000)
 ParOldGen       total 217600K, used 149053K [0x00000000e0000000, 0x00000000ed480000, 0x00000000f5580000)
  object space 217600K, 68% used [0x00000000e0000000,0x00000000e918f580,0x00000000ed480000)
 Metaspace       used 117240K, capacity 124398K, committed 151512K, reserved 1179648K
  class space    used 14346K, capacity 15615K, committed 21208K, reserved 1048576K
GC Heap History (10 events):
Event: 5766.257 GC heap after
Heap after GC invocations=124 (full 4):
 PSYoungGen      total 125952K, used 20973K [0x00000000f5580000, 0x0000000100000000, 0x0000000100000000)
  eden space 104960K, 0% used [0x00000000f5580000,0x00000000f5580000,0x00000000fbc00000)
  from space 20992K, 99% used [0x00000000fea80000,0x00000000ffefb408,0x00000000fff00000)
  to   space 34816K, 0% used [0x00000000fbc00000,0x00000000fbc00000,0x00000000fde00000)
 ParOldGen       total 149504K, used 149404K [0x00000000e0000000, 0x00000000e9200000, 0x00000000f5580000)
  object space 149504K, 99% used [0x00000000e0000000,0x00000000e91e7140,0x00000000e9200000)
 Metaspace       used 138876K, capacity 151430K, committed 151512K, reserved 1179648K
  class space    used 17833K, capacity 21126K, committed 21208K, reserved 1048576K
}
Event: 5766.257 GC heap before
{Heap before GC invocations=125 (full 5):
 PSYoungGen      total 125952K, used 20973K [0x00000000f5580000, 0x0000000100000000, 0x0000000100000000)
  eden space 104960K, 0% used [0x00000000f5580000,0x00000000f5580000,0x00000000fbc00000)
  from space 20992K, 99% used [0x00000000fea80000,0x00000000ffefb408,0x00000000fff00000)
  to   space 34816K, 0% used [0x00000000fbc00000,0x00000000fbc00000,0x00000000fde00000)
 ParOldGen       total 149504K, used 149404K [0x00000000e0000000, 0x00000000e9200000, 0x00000000f5580000)
  object space 149504K, 99% used [0x00000000e0000000,0x00000000e91e7140,0x00000000e9200000)
 Metaspace       used 138876K, capacity 151430K, committed 151512K, reserved 1179648K
  class space    used 17833K, capacity 21126K, committed 21208K, reserved 1048576K
Event: 5767.782 GC heap after
Heap after GC invocations=125 (full 5):
 PSYoungGen      total 125952K, used 0K [0x00000000f5580000, 0x0000000100000000, 0x0000000100000000)
  eden space 104960K, 0% used [0x00000000f5580000,0x00000000f5580000,0x00000000fbc00000)
  from space 20992K, 0% used [0x00000000fea80000,0x00000000fea80000,0x00000000fff00000)
  to   space 34816K, 0% used [0x00000000fbc00000,0x00000000fbc00000,0x00000000fde00000)
 ParOldGen       total 217600K, used 108476K [0x00000000e0000000, 0x00000000ed480000, 0x00000000f5580000)
  object space 217600K, 49% used [0x00000000e0000000,0x00000000e69ef038,0x00000000ed480000)
 Metaspace       used 117219K, capacity 124294K, committed 151512K, reserved 1179648K
  class space    used 14342K, capacity 15607K, committed 21208K, reserved 1048576K
}
Event: 5768.186 GC heap before
{Heap before GC invocations=126 (full 5):
 PSYoungGen      total 125952K, used 104960K [0x00000000f5580000, 0x0000000100000000, 0x0000000100000000)
  eden space 104960K, 100% used [0x00000000f5580000,0x00000000fbc00000,0x00000000fbc00000)
  from space 20992K, 0% used [0x00000000fea80000,0x00000000fea80000,0x00000000fff00000)
  to   space 34816K, 0% used [0x00000000fbc00000,0x00000000fbc00000,0x00000000fde00000)
 ParOldGen       total 217600K, used 141254K [0x00000000e0000000, 0x00000000ed480000, 0x00000000f5580000)
  object space 217600K, 64% used [0x00000000e0000000,0x00000000e89f1b18,0x00000000ed480000)
 Metaspace       used 117231K, capacity 124374K, committed 151512K, reserved 1179648K
  class space    used 14344K, capacity 15611K, committed 21208K, reserved 1048576K
Event: 5768.213 GC heap after
Heap after GC invocations=126 (full 5):
 PSYoungGen      total 136192K, used 30816K [0x00000000f5580000, 0x0000000100000000, 0x0000000100000000)
  eden space 104960K, 0% used [0x00000000f5580000,0x00000000f5580000,0x00000000fbc00000)
  from space 31232K, 98% used [0x00000000fbc00000,0x00000000fda18030,0x00000000fda80000)
  to   space 37888K, 0% used [0x00000000fdb00000,0x00000000fdb00000,0x0000000100000000)
 ParOldGen       total 217600K, used 151494K [0x00000000e0000000, 0x00000000ed480000, 0x00000000f5580000)
  object space 217600K, 69% used [0x00000000e0000000,0x00000000e93f1b28,0x00000000ed480000)
 Metaspace       used 117231K, capacity 124374K, committed 151512K, reserved 1179648K
  class space    used 14344K, capacity 15611K, committed 21208K, reserved 1048576K
}
Event: 5769.056 GC heap before
{Heap before GC invocations=127 (full 5):
 PSYoungGen      total 136192K, used 135717K [0x00000000f5580000, 0x0000000100000000, 0x0000000100000000)
  eden space 104960K, 99% used [0x00000000f5580000,0x00000000fbbf1640,0x00000000fbc00000)
  from space 31232K, 98% used [0x00000000fbc00000,0x00000000fda18030,0x00000000fda80000)
  to   space 37888K, 0% used [0x00000000fdb00000,0x00000000fdb00000,0x0000000100000000)
 ParOldGen       total 217600K, used 151494K [0x00000000e0000000, 0x00000000ed480000, 0x00000000f5580000)
  object space 217600K, 69% used [0x00000000e0000000,0x00000000e93f1b28,0x00000000ed480000)
 Metaspace       used 117240K, capacity 124398K, committed 151512K, reserved 1179648K
  class space    used 14346K, capacity 15615K, committed 21208K, reserved 1048576K
Event: 5769.116 GC heap after
Heap after GC invocations=127 (full 5):
 PSYoungGen      total 129536K, used 33514K [0x00000000f5580000, 0x0000000100000000, 0x0000000100000000)
  eden space 91648K, 0% used [0x00000000f5580000,0x00000000f5580000,0x00000000faf00000)
  from space 37888K, 88% used [0x00000000fdb00000,0x00000000ffbbaac8,0x0000000100000000)
  to   space 41472K, 0% used [0x00000000faf00000,0x00000000faf00000,0x00000000fd780000)
 ParOldGen       total 217600K, used 178493K [0x00000000e0000000, 0x00000000ed480000, 0x00000000f5580000)
  object space 217600K, 82% used [0x00000000e0000000,0x00000000eae4f648,0x00000000ed480000)
 Metaspace       used 117240K, capacity 124398K, committed 151512K, reserved 1179648K
  class space    used 14346K, capacity 15615K, committed 21208K, reserved 1048576K
}
Event: 5769.861 GC heap before
{Heap before GC invocations=128 (full 5):
 PSYoungGen      total 129536K, used 121938K [0x00000000f5580000, 0x0000000100000000, 0x0000000100000000)
  eden space 91648K, 96% used [0x00000000f5580000,0x00000000fabda060,0x00000000faf00000)
  from space 37888K, 88% used [0x00000000fdb00000,0x00000000ffbbaac8,0x0000000100000000)
  to   space 41472K, 0% used [0x00000000faf00000,0x00000000faf00000,0x00000000fd780000)
 ParOldGen       total 217600K, used 178493K [0x00000000e0000000, 0x00000000ed480000, 0x00000000f5580000)
  object space 217600K, 82% used [0x00000000e0000000,0x00000000eae4f648,0x00000000ed480000)
 Metaspace       used 117240K, capacity 124398K, committed 151512K, reserved 1179648K
  class space    used 14346K, capacity 15615K, committed 21208K, reserved 1048576K
Event: 5771.067 GC heap after
Heap after GC invocations=128 (full 5):
 PSYoungGen      total 133120K, used 41468K [0x00000000f5580000, 0x0000000100000000, 0x0000000100000000)
  eden space 91648K, 0% used [0x00000000f5580000,0x00000000f5580000,0x00000000faf00000)
  from space 41472K, 99% used [0x00000000faf00000,0x00000000fd77f268,0x00000000fd780000)
  to   space 41472K, 0% used [0x00000000fd780000,0x00000000fd780000,0x0000000100000000)
 ParOldGen       total 217600K, used 217020K [0x00000000e0000000, 0x00000000ed480000, 0x00000000f5580000)
  object space 217600K, 99% used [0x00000000e0000000,0x00000000ed3ef188,0x00000000ed480000)
 Metaspace       used 117240K, capacity 124398K, committed 151512K, reserved 1179648K
  class space    used 14346K, capacity 15615K, committed 21208K, reserved 1048576K
}
Event: 5774.677 GC heap before
{Heap before GC invocations=129 (full 6):
 PSYoungGen      total 133120K, used 41468K [0x00000000f5580000, 0x0000000100000000, 0x0000000100000000)
  eden space 91648K, 0% used [0x00000000f5580000,0x00000000f5580000,0x00000000faf00000)
  from space 41472K, 99% used [0x00000000faf00000,0x00000000fd77f268,0x00000000fd780000)
  to   space 41472K, 0% used [0x00000000fd780000,0x00000000fd780000,0x0000000100000000)
 ParOldGen       total 217600K, used 217020K [0x00000000e0000000, 0x00000000ed480000, 0x00000000f5580000)
  object space 217600K, 99% used [0x00000000e0000000,0x00000000ed3ef188,0x00000000ed480000)
 Metaspace       used 117240K, capacity 124398K, committed 151512K, reserved 1179648K
  class space    used 14346K, capacity 15615K, committed 21208K, reserved 1048576K

