# JRE version: OpenJDK Runtime Environment (8.0_152-b01) (build 1.8.0_152-release-1248-b01)
# Java VM: OpenJDK 64-Bit Server VM (25.152-b01 mixed mode linux-amd64 compressed oops)
Heap:
 PSYoungGen      total 137728K, used 10741K [0x00000000eab00000, 0x00000000f3c00000, 0x0000000100000000)
  eden space 126976K, 0% used [0x00000000eab00000,0x00000000eab00000,0x00000000f2700000)
  from space 10752K, 99% used [0x00000000f2700000,0x00000000f317d420,0x00000000f3180000)
  to   space 10752K, 0% used [0x00000000f3180000,0x00000000f3180000,0x00000000f3c00000)
 ParOldGen       total 46080K, used 17639K [0x00000000c0000000, 0x00000000c2d00000, 0x00000000eab00000)
  object space 46080K, 38% used [0x00000000c0000000,0x00000000c1139f00,0x00000000c2d00000)
 Metaspace       used 31704K, capacity 32280K, committed 32560K, reserved 1077248K
  class space    used 4353K, capacity 4556K, committed 4656K, reserved 1048576K
GC Heap History (10 events):
Event: 1.107 GC heap after
Heap after GC invocations=3 (full 0):
 PSYoungGen      total 34304K, used 2544K [0x00000000eab00000, 0x00000000eee00000, 0x0000000100000000)
  eden space 31744K, 0% used [0x00000000eab00000,0x00000000eab00000,0x00000000eca00000)
  from space 2560K, 99% used [0x00000000eca00000,0x00000000ecc7c030,0x00000000ecc80000)
  to   space 2560K, 0% used [0x00000000eeb80000,0x00000000eeb80000,0x00000000eee00000)
 ParOldGen       total 42496K, used 2031K [0x00000000c0000000, 0x00000000c2980000, 0x00000000eab00000)
  object space 42496K, 4% used [0x00000000c0000000,0x00000000c01fbd80,0x00000000c2980000)
 Metaspace       used 8882K, capacity 9116K, committed 9344K, reserved 1056768K
  class space    used 1186K, capacity 1292K, committed 1408K, reserved 1048576K
}
Event: 1.765 GC heap before
{Heap before GC invocations=4 (full 0):
 PSYoungGen      total 34304K, used 34288K [0x00000000eab00000, 0x00000000eee00000, 0x0000000100000000)
  eden space 31744K, 100% used [0x00000000eab00000,0x00000000eca00000,0x00000000eca00000)
  from space 2560K, 99% used [0x00000000eca00000,0x00000000ecc7c030,0x00000000ecc80000)
  to   space 2560K, 0% used [0x00000000eeb80000,0x00000000eeb80000,0x00000000eee00000)
 ParOldGen       total 42496K, used 2031K [0x00000000c0000000, 0x00000000c2980000, 0x00000000eab00000)
  object space 42496K, 4% used [0x00000000c0000000,0x00000000c01fbd80,0x00000000c2980000)
 Metaspace       used 13003K, capacity 13286K, committed 13568K, reserved 1060864K
  class space    used 1839K, capacity 1961K, committed 2048K, reserved 1048576K
Event: 1.770 GC heap after
Heap after GC invocations=4 (full 0):
 PSYoungGen      total 66048K, used 2528K [0x00000000eab00000, 0x00000000eee00000, 0x0000000100000000)
  eden space 63488K, 0% used [0x00000000eab00000,0x00000000eab00000,0x00000000ee900000)
  from space 2560K, 98% used [0x00000000eeb80000,0x00000000eedf8030,0x00000000eee00000)
  to   space 2560K, 0% used [0x00000000ee900000,0x00000000ee900000,0x00000000eeb80000)
 ParOldGen       total 42496K, used 6123K [0x00000000c0000000, 0x00000000c2980000, 0x00000000eab00000)
  object space 42496K, 14% used [0x00000000c0000000,0x00000000c05fac10,0x00000000c2980000)
 Metaspace       used 13003K, capacity 13286K, committed 13568K, reserved 1060864K
  class space    used 1839K, capacity 1961K, committed 2048K, reserved 1048576K
}
Event: 2.803 GC heap before
{Heap before GC invocations=5 (full 0):
 PSYoungGen      total 66048K, used 66016K [0x00000000eab00000, 0x00000000eee00000, 0x0000000100000000)
  eden space 63488K, 100% used [0x00000000eab00000,0x00000000ee900000,0x00000000ee900000)
  from space 2560K, 98% used [0x00000000eeb80000,0x00000000eedf8030,0x00000000eee00000)
  to   space 2560K, 0% used [0x00000000ee900000,0x00000000ee900000,0x00000000eeb80000)
 ParOldGen       total 42496K, used 6123K [0x00000000c0000000, 0x00000000c2980000, 0x00000000eab00000)
  object space 42496K, 14% used [0x00000000c0000000,0x00000000c05fac10,0x00000000c2980000)
 Metaspace       used 19682K, capacity 20122K, committed 20224K, reserved 1067008K
  class space    used 2810K, capacity 2990K, committed 3072K, reserved 1048576K
Event: 2.815 GC heap after
Heap after GC invocations=5 (full 0):
 PSYoungGen      total 66048K, used 2548K [0x00000000eab00000, 0x00000000f3c00000, 0x0000000100000000)
  eden space 63488K, 0% used [0x00000000eab00000,0x00000000eab00000,0x00000000ee900000)
  from space 2560K, 99% used [0x00000000ee900000,0x00000000eeb7d070,0x00000000eeb80000)
  to   space 10752K, 0% used [0x00000000f3180000,0x00000000f3180000,0x00000000f3c00000)
 ParOldGen       total 42496K, used 14032K [0x00000000c0000000, 0x00000000c2980000, 0x00000000eab00000)
  object space 42496K, 33% used [0x00000000c0000000,0x00000000c0db4240,0x00000000c2980000)
 Metaspace       used 19682K, capacity 20122K, committed 20224K, reserved 1067008K
  class space    used 2810K, capacity 2990K, committed 3072K, reserved 1048576K
}
Event: 2.911 GC heap before
{Heap before GC invocations=6 (full 0):
 PSYoungGen      total 66048K, used 6460K [0x00000000eab00000, 0x00000000f3c00000, 0x0000000100000000)
  eden space 63488K, 6% used [0x00000000eab00000,0x00000000eaed2218,0x00000000ee900000)
  from space 2560K, 99% used [0x00000000ee900000,0x00000000eeb7d070,0x00000000eeb80000)
  to   space 10752K, 0% used [0x00000000f3180000,0x00000000f3180000,0x00000000f3c00000)
 ParOldGen       total 42496K, used 14032K [0x00000000c0000000, 0x00000000c2980000, 0x00000000eab00000)
  object space 42496K, 33% used [0x00000000c0000000,0x00000000c0db4240,0x00000000c2980000)
 Metaspace       used 20844K, capacity 21274K, committed 21296K, reserved 1067008K
  class space    used 2941K, capacity 3118K, committed 3120K, reserved 1048576K
Event: 2.920 GC heap after
Heap after GC invocations=6 (full 0):
 PSYoungGen      total 137728K, used 3257K [0x00000000eab00000, 0x00000000f3c00000, 0x0000000100000000)
  eden space 126976K, 0% used [0x00000000eab00000,0x00000000eab00000,0x00000000f2700000)
  from space 10752K, 30% used [0x00000000f3180000,0x00000000f34ae580,0x00000000f3c00000)
  to   space 10752K, 0% used [0x00000000f2700000,0x00000000f2700000,0x00000000f3180000)
 ParOldGen       total 42496K, used 14032K [0x00000000c0000000, 0x00000000c2980000, 0x00000000eab00000)
  object space 42496K, 33% used [0x00000000c0000000,0x00000000c0db4240,0x00000000c2980000)
 Metaspace       used 20844K, capacity 21274K, committed 21296K, reserved 1067008K
  class space    used 2941K, capacity 3118K, committed 3120K, reserved 1048576K
}
Event: 2.920 GC heap before
{Heap before GC invocations=7 (full 1):
 PSYoungGen      total 137728K, used 3257K [0x00000000eab00000, 0x00000000f3c00000, 0x0000000100000000)
  eden space 126976K, 0% used [0x00000000eab00000,0x00000000eab00000,0x00000000f2700000)
  from space 10752K, 30% used [0x00000000f3180000,0x00000000f34ae580,0x00000000f3c00000)
  to   space 10752K, 0% used [0x00000000f2700000,0x00000000f2700000,0x00000000f3180000)
 ParOldGen       total 42496K, used 14032K [0x00000000c0000000, 0x00000000c2980000, 0x00000000eab00000)
  object space 42496K, 33% used [0x00000000c0000000,0x00000000c0db4240,0x00000000c2980000)
 Metaspace       used 20844K, capacity 21274K, committed 21296K, reserved 1067008K
  class space    used 2941K, capacity 3118K, committed 3120K, reserved 1048576K
Event: 3.018 GC heap after
Heap after GC invocations=7 (full 1):
 PSYoungGen      total 137728K, used 0K [0x00000000eab00000, 0x00000000f3c00000, 0x0000000100000000)
  eden space 126976K, 0% used [0x00000000eab00000,0x00000000eab00000,0x00000000f2700000)
  from space 10752K, 0% used [0x00000000f3180000,0x00000000f3180000,0x00000000f3c00000)
  to   space 10752K, 0% used [0x00000000f2700000,0x00000000f2700000,0x00000000f3180000)
 ParOldGen       total 46080K, used 14905K [0x00000000c0000000, 0x00000000c2d00000, 0x00000000eab00000)
  object space 46080K, 32% used [0x00000000c0000000,0x00000000c0e8e418,0x00000000c2d00000)
 Metaspace       used 20844K, capacity 21274K, committed 21296K, reserved 1067008K
  class space    used 2941K, capacity 3118K, committed 3120K, reserved 1048576K
}
Event: 5.670 GC heap before
{Heap before GC invocations=8 (full 1):
 PSYoungGen      total 137728K, used 126976K [0x00000000eab00000, 0x00000000f3c00000, 0x0000000100000000)
  eden space 126976K, 100% used [0x00000000eab00000,0x00000000f2700000,0x00000000f2700000)
  from space 10752K, 0% used [0x00000000f3180000,0x00000000f3180000,0x00000000f3c00000)
  to   space 10752K, 0% used [0x00000000f2700000,0x00000000f2700000,0x00000000f3180000)
 ParOldGen       total 46080K, used 14905K [0x00000000c0000000, 0x00000000c2d00000, 0x00000000eab00000)
  object space 46080K, 32% used [0x00000000c0000000,0x00000000c0e8e418,0x00000000c2d00000)
 Metaspace       used 31704K, capacity 32280K, committed 32560K, reserved 1077248K
  class space    used 4353K, capacity 4556K, committed 4656K, reserved 1048576K

