# JRE version: OpenJDK Runtime Environment (8.0_152-b01) (build 1.8.0_152-release-1248-b01)
# Java VM: OpenJDK 64-Bit Server VM (25.152-b01 mixed mode linux-amd64 compressed oops)
Heap:
 PSYoungGen      total 87040K, used 0K [0x00000000eab00000, 0x00000000f2080000, 0x0000000100000000)
  eden space 77824K, 0% used [0x00000000eab00000,0x00000000eab00000,0x00000000ef700000)
  from space 9216K, 0% used [0x00000000ef700000,0x00000000ef700000,0x00000000f0000000)
  to   space 11264K, 0% used [0x00000000f1580000,0x00000000f1580000,0x00000000f2080000)
 ParOldGen       total 37376K, used 17958K [0x00000000c0000000, 0x00000000c2480000, 0x00000000eab00000)
  object space 37376K, 48% used [0x00000000c0000000,0x00000000c1189820,0x00000000c2480000)
 Metaspace       used 34649K, capacity 35226K, committed 35496K, reserved 1079296K
  class space    used 4762K, capacity 5004K, committed 5120K, reserved 1048576K
GC Heap History (10 events):
Event: 4.928 GC heap after
Heap after GC invocations=8 (full 0):
 PSYoungGen      total 69120K, used 6392K [0x00000000eab00000, 0x00000000ef700000, 0x0000000100000000)
  eden space 61952K, 0% used [0x00000000eab00000,0x00000000eab00000,0x00000000ee780000)
  from space 7168K, 89% used [0x00000000eef00000,0x00000000ef53e340,0x00000000ef600000)
  to   space 7680K, 0% used [0x00000000ee780000,0x00000000ee780000,0x00000000eef00000)
 ParOldGen       total 42496K, used 6642K [0x00000000c0000000, 0x00000000c2980000, 0x00000000eab00000)
  object space 42496K, 15% used [0x00000000c0000000,0x00000000c067cb90,0x00000000c2980000)
 Metaspace       used 20642K, capacity 21114K, committed 21296K, reserved 1067008K
  class space    used 2881K, capacity 3086K, committed 3200K, reserved 1048576K
}
Event: 4.928 GC heap before
{Heap before GC invocations=9 (full 1):
 PSYoungGen      total 69120K, used 6392K [0x00000000eab00000, 0x00000000ef700000, 0x0000000100000000)
  eden space 61952K, 0% used [0x00000000eab00000,0x00000000eab00000,0x00000000ee780000)
  from space 7168K, 89% used [0x00000000eef00000,0x00000000ef53e340,0x00000000ef600000)
  to   space 7680K, 0% used [0x00000000ee780000,0x00000000ee780000,0x00000000eef00000)
 ParOldGen       total 42496K, used 6642K [0x00000000c0000000, 0x00000000c2980000, 0x00000000eab00000)
  object space 42496K, 15% used [0x00000000c0000000,0x00000000c067cb90,0x00000000c2980000)
 Metaspace       used 20642K, capacity 21114K, committed 21296K, reserved 1067008K
  class space    used 2881K, capacity 3086K, committed 3200K, reserved 1048576K
Event: 5.051 GC heap after
Heap after GC invocations=9 (full 1):
 PSYoungGen      total 69120K, used 0K [0x00000000eab00000, 0x00000000ef700000, 0x0000000100000000)
  eden space 61952K, 0% used [0x00000000eab00000,0x00000000eab00000,0x00000000ee780000)
  from space 7168K, 0% used [0x00000000eef00000,0x00000000eef00000,0x00000000ef600000)
  to   space 7680K, 0% used [0x00000000ee780000,0x00000000ee780000,0x00000000eef00000)
 ParOldGen       total 37376K, used 10352K [0x00000000c0000000, 0x00000000c2480000, 0x00000000eab00000)
  object space 37376K, 27% used [0x00000000c0000000,0x00000000c0a1c378,0x00000000c2480000)
 Metaspace       used 20642K, capacity 21114K, committed 21296K, reserved 1067008K
  class space    used 2881K, capacity 3086K, committed 3200K, reserved 1048576K
}
Event: 6.302 GC heap before
{Heap before GC invocations=10 (full 1):
 PSYoungGen      total 69120K, used 61952K [0x00000000eab00000, 0x00000000ef700000, 0x0000000100000000)
  eden space 61952K, 100% used [0x00000000eab00000,0x00000000ee780000,0x00000000ee780000)
  from space 7168K, 0% used [0x00000000eef00000,0x00000000eef00000,0x00000000ef600000)
  to   space 7680K, 0% used [0x00000000ee780000,0x00000000ee780000,0x00000000eef00000)
 ParOldGen       total 37376K, used 10352K [0x00000000c0000000, 0x00000000c2480000, 0x00000000eab00000)
  object space 37376K, 27% used [0x00000000c0000000,0x00000000c0a1c378,0x00000000c2480000)
 Metaspace       used 26315K, capacity 26756K, committed 26880K, reserved 1073152K
  class space    used 3667K, capacity 3833K, committed 3840K, reserved 1048576K
Event: 6.318 GC heap after
Heap after GC invocations=10 (full 1):
 PSYoungGen      total 69632K, used 6118K [0x00000000eab00000, 0x00000000f0800000, 0x0000000100000000)
  eden space 61952K, 0% used [0x00000000eab00000,0x00000000eab00000,0x00000000ee780000)
  from space 7680K, 79% used [0x00000000ee780000,0x00000000eed79a50,0x00000000eef00000)
  to   space 8192K, 0% used [0x00000000f0000000,0x00000000f0000000,0x00000000f0800000)
 ParOldGen       total 37376K, used 10360K [0x00000000c0000000, 0x00000000c2480000, 0x00000000eab00000)
  object space 37376K, 27% used [0x00000000c0000000,0x00000000c0a1e378,0x00000000c2480000)
 Metaspace       used 26315K, capacity 26756K, committed 26880K, reserved 1073152K
  class space    used 3667K, capacity 3833K, committed 3840K, reserved 1048576K
}
Event: 7.570 GC heap before
{Heap before GC invocations=11 (full 1):
 PSYoungGen      total 69632K, used 68070K [0x00000000eab00000, 0x00000000f0800000, 0x0000000100000000)
  eden space 61952K, 100% used [0x00000000eab00000,0x00000000ee780000,0x00000000ee780000)
  from space 7680K, 79% used [0x00000000ee780000,0x00000000eed79a50,0x00000000eef00000)
  to   space 8192K, 0% used [0x00000000f0000000,0x00000000f0000000,0x00000000f0800000)
 ParOldGen       total 37376K, used 10360K [0x00000000c0000000, 0x00000000c2480000, 0x00000000eab00000)
  object space 37376K, 27% used [0x00000000c0000000,0x00000000c0a1e378,0x00000000c2480000)
 Metaspace       used 30147K, capacity 30692K, committed 30848K, reserved 1075200K
  class space    used 4225K, capacity 4435K, committed 4480K, reserved 1048576K
Event: 7.603 GC heap after
Heap after GC invocations=11 (full 1):
 PSYoungGen      total 86016K, used 8188K [0x00000000eab00000, 0x00000000f0a80000, 0x0000000100000000)
  eden space 77824K, 0% used [0x00000000eab00000,0x00000000eab00000,0x00000000ef700000)
  from space 8192K, 99% used [0x00000000f0000000,0x00000000f07ff0e0,0x00000000f0800000)
  to   space 9216K, 0% used [0x00000000ef700000,0x00000000ef700000,0x00000000f0000000)
 ParOldGen       total 37376K, used 10871K [0x00000000c0000000, 0x00000000c2480000, 0x00000000eab00000)
  object space 37376K, 29% used [0x00000000c0000000,0x00000000c0a9df40,0x00000000c2480000)
 Metaspace       used 30147K, capacity 30692K, committed 30848K, reserved 1075200K
  class space    used 4225K, capacity 4435K, committed 4480K, reserved 1048576K
}
Event: 10.470 GC heap before
{Heap before GC invocations=12 (full 1):
 PSYoungGen      total 86016K, used 62907K [0x00000000eab00000, 0x00000000f0a80000, 0x0000000100000000)
  eden space 77824K, 70% used [0x00000000eab00000,0x00000000ee06fca0,0x00000000ef700000)
  from space 8192K, 99% used [0x00000000f0000000,0x00000000f07ff0e0,0x00000000f0800000)
  to   space 9216K, 0% used [0x00000000ef700000,0x00000000ef700000,0x00000000f0000000)
 ParOldGen       total 37376K, used 10871K [0x00000000c0000000, 0x00000000c2480000, 0x00000000eab00000)
  object space 37376K, 29% used [0x00000000c0000000,0x00000000c0a9df40,0x00000000c2480000)
 Metaspace       used 34703K, capacity 35346K, committed 35496K, reserved 1079296K
  class space    used 4777K, capacity 5044K, committed 5120K, reserved 1048576K
Event: 10.496 GC heap after
Heap after GC invocations=12 (full 1):
 PSYoungGen      total 87040K, used 9196K [0x00000000eab00000, 0x00000000f2080000, 0x0000000100000000)
  eden space 77824K, 0% used [0x00000000eab00000,0x00000000eab00000,0x00000000ef700000)
  from space 9216K, 99% used [0x00000000ef700000,0x00000000efffb398,0x00000000f0000000)
  to   space 11264K, 0% used [0x00000000f1580000,0x00000000f1580000,0x00000000f2080000)
 ParOldGen       total 37376K, used 13152K [0x00000000c0000000, 0x00000000c2480000, 0x00000000eab00000)
  object space 37376K, 35% used [0x00000000c0000000,0x00000000c0cd8388,0x00000000c2480000)
 Metaspace       used 34703K, capacity 35346K, committed 35496K, reserved 1079296K
  class space    used 4777K, capacity 5044K, committed 5120K, reserved 1048576K
}
Event: 10.496 GC heap before
{Heap before GC invocations=13 (full 2):
 PSYoungGen      total 87040K, used 9196K [0x00000000eab00000, 0x00000000f2080000, 0x0000000100000000)
  eden space 77824K, 0% used [0x00000000eab00000,0x00000000eab00000,0x00000000ef700000)
  from space 9216K, 99% used [0x00000000ef700000,0x00000000efffb398,0x00000000f0000000)
  to   space 11264K, 0% used [0x00000000f1580000,0x00000000f1580000,0x00000000f2080000)
 ParOldGen       total 37376K, used 13152K [0x00000000c0000000, 0x00000000c2480000, 0x00000000eab00000)
  object space 37376K, 35% used [0x00000000c0000000,0x00000000c0cd8388,0x00000000c2480000)
 Metaspace       used 34703K, capacity 35346K, committed 35496K, reserved 1079296K
  class space    used 4777K, capacity 5044K, committed 5120K, reserved 1048576K

